Сборка начата 24.02.2015 10:00:35.
     1>Проект "D:\Универ\C++\First\CppFirst\CppFirst\CppFirst.vcxproj" в узле 2 (целевые объекты Build).
     1>ClCompile:
         D:\programms\VC\bin\CL.exe /c /ZI /nologo /W3 /WX- /Od /Oy- /D WIN32 /D _DEBUG /D _CONSOLE /D _LIB /D _UNICODE /D UNICODE /Gm /EHsc /RTC1 /MDd /GS /fp:precise /Zc:wchar_t /Zc:forScope /Fo"Debug\\" /Fd"Debug\vc120.pdb" /Gd /TP /analyze- /errorReport:prompt CppFirst.cpp
         CppFirst.cpp
     1>d:\универ\c++\first\cppfirst\cppfirst\cppfirst.cpp(27): warning C4996: 'ultoa': The POSIX name for this item is deprecated. Instead, use the ISO C++ conformant name: _ultoa. See online help for details.
                 d:\programms\vc\include\stdlib.h(945): см. объявление "ultoa"
     1>d:\универ\c++\first\cppfirst\cppfirst\cppfirst.cpp(34): warning C4273: ultoa: несовместимая компоновка dll
                 d:\programms\vc\include\stdlib.h(945): см. предыдущее определение "ultoa"
     1>d:\универ\c++\first\cppfirst\cppfirst\cppfirst.cpp(44): warning C4018: >=: несоответствие типов со знаком и без знака
     1>d:\универ\c++\first\cppfirst\cppfirst\cppfirst.cpp(58): warning C4244: =: преобразование "unsigned long" в "char", возможна потеря данных
     1>d:\универ\c++\first\cppfirst\cppfirst\cppfirst.cpp(61): warning C4244: =: преобразование "unsigned long" в "char", возможна потеря данных
       Link:
         D:\programms\VC\bin\link.exe /ERRORREPORT:PROMPT /OUT:"D:\Универ\C++\First\CppFirst\Debug\CppFirst.exe" /INCREMENTAL /NOLOGO kernel32.lib user32.lib gdi32.lib winspool.lib comdlg32.lib advapi32.lib shell32.lib ole32.lib oleaut32.lib uuid.lib odbc32.lib odbccp32.lib /MANIFEST /MANIFESTUAC:"level='asInvoker' uiAccess='false'" /manifest:embed /DEBUG /PDB:"D:\Универ\C++\First\CppFirst\Debug\CppFirst.pdb" /SUBSYSTEM:CONSOLE /TLBID:1 /DYNAMICBASE /NXCOMPAT /IMPLIB:"D:\Универ\C++\First\CppFirst\Debug\CppFirst.lib" /MACHINE:X86 Debug\CppFirst.obj
         Debug\stdafx.obj
            ╤ючфрхЄё  сшсышюЄхър D:\╙эштхЁ\C++\First\CppFirst\Debug\CppFirst.lib ш юс·хъЄ D:\╙эштхЁ\C++\First\CppFirst\Debug\CppFirst.exp
         CppFirst.vcxproj -> D:\Универ\C++\First\CppFirst\Debug\CppFirst.exe
     1>Сборка проекта "D:\Универ\C++\First\CppFirst\CppFirst\CppFirst.vcxproj" завершена (целевые объекты Build).

Сборка успешно завершена.

Затраченное время: 00:00:02.05
